[{"time":"2017-03-05 21-56-08
","start_user":0
,"end_user":1
,"rejected_users":[]
,"rejected_wrkt":[]
},
{"time":"2017-03-05 21-57-15
","start_user":1
,"end_user":2
,"rejected_users":[]
,"rejected_wrkt":[]
},
{"time":"2017-03-05 21-59-13
","start_user":2
,"end_user":3
,"rejected_users":[]
,"rejected_wrkt":[]
},
{"time":"2017-03-05 22-41-19
","start_user":3
,"end_user":13
,"rejected_users":[13573476]
,"rejected_wrkt":[]
},
{"time":"2017-03-05 22-46-39
","start_user":13
,"end_user":23
,"rejected_users":[]
,"rejected_wrkt":[]
},
{"time":"2017-03-05 22-48-24
","start_user":23
,"end_user":33
,"rejected_users":[]
,"rejected_wrkt":[]
},
{"time":"2017-03-05 22-53-07
","start_user":33
,"end_user":43
,"rejected_users":[]
,"rejected_wrkt":[]
},
{"time":"2017-03-05 22-55-16
","start_user":43
,"end_user":53
,"rejected_users":[]
,"rejected_wrkt":[]
},
{"time":"2017-03-05 22-57-44
","start_user":53
,"end_user":63
,"rejected_users":[]
,"rejected_wrkt":[]
},
{"time":"2017-03-05 23-01-22
","start_user":63
,"end_user":73
,"rejected_users":[]
,"rejected_wrkt":[]
},
{"time":"2017-03-05 23-04-59
","start_user":73
,"end_user":83
,"rejected_users":[]
,"rejected_wrkt":[]
},
{"time":"2017-03-05 23-07-33
","start_user":83
,"end_user":93
,"rejected_users":[]
,"rejected_wrkt":[]
},
{"time":"2017-03-05 23-11-09
","start_user":93
,"end_user":103
,"rejected_users":[]
,"rejected_wrkt":[]
},
{"time":"2017-03-05 23-20-09
","start_user":103
,"end_user":113
,"rejected_users":[]
,"rejected_wrkt":[]
},
{"time":"2017-03-05 23-24-05
","start_user":113
,"end_user":123
,"rejected_users":[]
,"rejected_wrkt":[]
},
{"time":"2017-03-05 23-27-29
","start_user":123
,"end_user":133
,"rejected_users":[]
,"rejected_wrkt":[]
},
{"time":"2017-03-05 23-31-48
","start_user":133
,"end_user":143
,"rejected_users":[13578717]
,"rejected_wrkt":[]
},
{"time":"2017-03-05 23-33-30
","start_user":143
,"end_user":153
,"rejected_users":[13578905]
,"rejected_wrkt":[]
},
{"time":"2017-03-05 23-36-07
","start_user":153
,"end_user":163
,"rejected_users":[13579793]
,"rejected_wrkt":[]
},
{"time":"2017-03-05 23-38-14
","start_user":163
,"end_user":173
,"rejected_users":[]
,"rejected_wrkt":[]
},
{"time":"2017-03-05 23-45-31
","start_user":173
,"end_user":183
,"rejected_users":[]
,"rejected_wrkt":[]
},
{"time":"2017-03-05 23-48-34
","start_user":183
,"end_user":193
,"rejected_users":[]
,"rejected_wrkt":[]
},
{"time":"2017-03-05 23-52-18
","start_user":193
,"end_user":203
,"rejected_users":[13581112,13581386,13581428]
,"rejected_wrkt":[]
},
{"time":"2017-03-05 23-56-45
","start_user":203
,"end_user":213
,"rejected_users":[]
,"rejected_wrkt":[]
},
{"time":"2017-03-06 00-00-43
","start_user":213
,"end_user":223
,"rejected_users":[]
,"rejected_wrkt":[]
},
{"time":"2017-03-06 00-08-29
","start_user":223
,"end_user":233
,"rejected_users":[13583007]
,"rejected_wrkt":[]
},
{"time":"2017-03-06 00-12-26
","start_user":233
,"end_user":243
,"rejected_users":[13583423]
,"rejected_wrkt":[]
},
{"time":"2017-03-06 00-19-04
","start_user":243
,"end_user":253
,"rejected_users":[]
,"rejected_wrkt":[]
},
{"time":"2017-03-06 00-24-43
","start_user":253
,"end_user":263
,"rejected_users":[13584028,13584144]
,"rejected_wrkt":[]
},
{"time":"2017-03-06 00-26-23
","start_user":263
,"end_user":273
,"rejected_users":[13584229]
,"rejected_wrkt":[]
},
{"time":"2017-03-06 00-28-32
","start_user":273
,"end_user":283
,"rejected_users":[13584649]
,"rejected_wrkt":[]
},
{"time":"2017-03-06 00-34-16
","start_user":283
,"end_user":293
,"rejected_users":[13585227]
,"rejected_wrkt":[]
},
{"time":"2017-03-06 00-36-21
","start_user":293
,"end_user":303
,"rejected_users":[13585633]
,"rejected_wrkt":[]
},
{"time":"2017-03-06 00-37-26
","start_user":303
,"end_user":313
,"rejected_users":[]
,"rejected_wrkt":[]
},
{"time":"2017-03-06 00-41-18
","start_user":313
,"end_user":323
,"rejected_users":[13586390]
,"rejected_wrkt":[]
},
{"time":"2017-03-06 00-50-45
","start_user":323
,"end_user":333
,"rejected_users":[13586849]
,"rejected_wrkt":[]
},
{"time":"2017-03-06 00-53-16
","start_user":333
,"end_user":343
,"rejected_users":[]
,"rejected_wrkt":[]
},
{"time":"2017-03-06 00-56-52
","start_user":343
,"end_user":353
,"rejected_users":[13587456,13587749]
,"rejected_wrkt":[]
},
{"time":"2017-03-06 01-00-06
","start_user":353
,"end_user":363
,"rejected_users":[13587945]
,"rejected_wrkt":[]
},
{"time":"2017-03-06 01-03-32
","start_user":363
,"end_user":373
,"rejected_users":[13588549]
,"rejected_wrkt":[]
},
{"time":"2017-03-06 01-05-46
","start_user":373
,"end_user":383
,"rejected_users":[13588916]
,"rejected_wrkt":[]
},
{"time":"2017-03-06 01-08-41
","start_user":383
,"end_user":393
,"rejected_users":[]
,"rejected_wrkt":[]
},
{"time":"2017-03-06 01-10-58
","start_user":393
,"end_user":403
,"rejected_users":[]
,"rejected_wrkt":[]
},
{"time":"2017-03-06 01-15-01
","start_user":403
,"end_user":413
,"rejected_users":[]
,"rejected_wrkt":[]
},
{"time":"2017-03-06 01-19-24
","start_user":413
,"end_user":423
,"rejected_users":[]
,"rejected_wrkt":[]
},
{"time":"2017-03-06 01-20-52
","start_user":423
,"end_user":433
,"rejected_users":[]
,"rejected_wrkt":[]
},
{"time":"2017-03-06 01-23-28
","start_user":433
,"end_user":443
,"rejected_users":[]
,"rejected_wrkt":[]
},
{"time":"2017-03-06 01-25-50
","start_user":443
,"end_user":453
,"rejected_users":[]
,"rejected_wrkt":[]
},
{"time":"2017-03-06 01-28-05
","start_user":453
,"end_user":463
,"rejected_users":[]
,"rejected_wrkt":[]
},
{"time":"2017-03-06 01-35-58
","start_user":463
,"end_user":473
,"rejected_users":[13592912]
,"rejected_wrkt":[]
},
{"time":"2017-03-06 01-38-09
","start_user":473
,"end_user":483
,"rejected_users":[]
,"rejected_wrkt":[]
},
{"time":"2017-03-06 01-39-16
","start_user":483
,"end_user":493
,"rejected_users":[]
,"rejected_wrkt":[]
},
{"time":"2017-03-06 01-43-03
","start_user":493
,"end_user":503
,"rejected_users":[13593848]
,"rejected_wrkt":[]
},
{"time":"2017-03-06 01-47-58
","start_user":503
,"end_user":513
,"rejected_users":[13594189]
,"rejected_wrkt":[]
},
{"time":"2017-03-06 01-52-05
","start_user":513
,"end_user":523
,"rejected_users":[]
,"rejected_wrkt":[]
},
{"time":"2017-03-06 01-55-44
","start_user":523
,"end_user":533
,"rejected_users":[13595163]
,"rejected_wrkt":[]
},
{"time":"2017-03-06 01-58-10
","start_user":533
,"end_user":543
,"rejected_users":[13595633]
,"rejected_wrkt":[]
},
{"time":"2017-03-06 02-01-41
","start_user":543
,"end_user":553
,"rejected_users":[13596033]
,"rejected_wrkt":[]
},
{"time":"2017-03-06 02-04-42
","start_user":553
,"end_user":563
,"rejected_users":[]
,"rejected_wrkt":[]
},
{"time":"2017-03-06 02-06-59
","start_user":563
,"end_user":573
,"rejected_users":[]
,"rejected_wrkt":[]
},
{"time":"2017-03-06 02-09-05
","start_user":573
,"end_user":583
,"rejected_users":[]
,"rejected_wrkt":[]
},
{"time":"2017-03-06 02-13-32
","start_user":583
,"end_user":593
,"rejected_users":[13597626]
,"rejected_wrkt":[]
},
{"time":"2017-03-06 02-15-33
","start_user":593
,"end_user":603
,"rejected_users":[]
,"rejected_wrkt":[]
},
{"time":"2017-03-06 02-19-05
","start_user":603
,"end_user":613
,"rejected_users":[13599177]
,"rejected_wrkt":[]
},
{"time":"2017-03-06 02-37-30
","start_user":613
,"end_user":623
,"rejected_users":[13599628]
,"rejected_wrkt":[]
},
{"time":"2017-03-06 02-38-18
","start_user":623
,"end_user":633
,"rejected_users":[]
,"rejected_wrkt":[]
},
{"time":"2017-03-06 02-42-29
","start_user":633
,"end_user":643
,"rejected_users":[]
,"rejected_wrkt":[]
},
{"time":"2017-03-06 02-48-20
","start_user":643
,"end_user":653
,"rejected_users":[]
,"rejected_wrkt":[]
},
{"time":"2017-03-06 02-50-19
","start_user":653
,"end_user":663
,"rejected_users":[]
,"rejected_wrkt":[]
},
{"time":"2017-03-06 02-55-27
","start_user":663
,"end_user":673
,"rejected_users":[13601534]
,"rejected_wrkt":[]
},
{"time":"2017-03-06 02-57-20
","start_user":673
,"end_user":683
,"rejected_users":[]
,"rejected_wrkt":[]
},
{"time":"2017-03-06 02-58-37
","start_user":683
,"end_user":693
,"rejected_users":[]
,"rejected_wrkt":[]
},
{"time":"2017-03-06 03-05-45
","start_user":693
,"end_user":703
,"rejected_users":[]
,"rejected_wrkt":[]
},
{"time":"2017-03-06 03-08-46
","start_user":703
,"end_user":713
,"rejected_users":[]
,"rejected_wrkt":[]
},
{"time":"2017-03-06 03-10-42
","start_user":713
,"end_user":723
,"rejected_users":[13603477,13603568]
,"rejected_wrkt":[]
},
{"time":"2017-03-06 03-14-03
","start_user":723
,"end_user":733
,"rejected_users":[13604116]
,"rejected_wrkt":[]
},
{"time":"2017-03-06 03-17-02
","start_user":733
,"end_user":743
,"rejected_users":[13604310]
,"rejected_wrkt":[]
},
{"time":"2017-03-06 03-19-14
","start_user":743
,"end_user":753
,"rejected_users":[13605127]
,"rejected_wrkt":[]
},
{"time":"2017-03-06 03-23-59
","start_user":753
,"end_user":763
,"rejected_users":[13605195]
,"rejected_wrkt":[]
},
{"time":"2017-03-06 03-28-53
","start_user":763
,"end_user":773
,"rejected_users":[13605547]
,"rejected_wrkt":[]
},
{"time":"2017-03-06 03-38-46
","start_user":773
,"end_user":783
,"rejected_users":[]
,"rejected_wrkt":[]
},
{"time":"2017-03-06 03-41-21
","start_user":783
,"end_user":793
,"rejected_users":[13606493]
,"rejected_wrkt":[]
},
{"time":"2017-03-06 03-50-44
","start_user":793
,"end_user":803
,"rejected_users":[]
,"rejected_wrkt":[]
},
{"time":"2017-03-06 03-55-54
","start_user":803
,"end_user":813
,"rejected_users":[13607066]
,"rejected_wrkt":[]
},
{"time":"2017-03-06 03-59-19
","start_user":813
,"end_user":823
,"rejected_users":[13607629]
,"rejected_wrkt":[]
},
{"time":"2017-03-06 04-02-08
","start_user":823
,"end_user":833
,"rejected_users":[]
,"rejected_wrkt":[]
},
{"time":"2017-03-06 04-03-39
","start_user":833
,"end_user":843
,"rejected_users":[]
,"rejected_wrkt":[]
},
{"time":"2017-03-06 04-07-17
","start_user":843
,"end_user":853
,"rejected_users":[]
,"rejected_wrkt":[]
},
{"time":"2017-03-06 04-14-43
","start_user":853
,"end_user":863
,"rejected_users":[13609406]
,"rejected_wrkt":[]
},
{"time":"2017-03-06 04-19-38
","start_user":863
,"end_user":873
,"rejected_users":[]
,"rejected_wrkt":[]
},
{"time":"2017-03-06 04-24-51
","start_user":873
,"end_user":883
,"rejected_users":[13609971]
,"rejected_wrkt":[]
},
{"time":"2017-03-06 04-29-33
","start_user":883
,"end_user":893
,"rejected_users":[13610743]
,"rejected_wrkt":[]
},
{"time":"2017-03-06 04-30-43
","start_user":893
,"end_user":903
,"rejected_users":[]
,"rejected_wrkt":[]
},
{"time":"2017-03-06 04-32-44
","start_user":903
,"end_user":913
,"rejected_users":[]
,"rejected_wrkt":[]
},
{"time":"2017-03-06 04-36-21
","start_user":913
,"end_user":923
,"rejected_users":[]
,"rejected_wrkt":[]
},
{"time":"2017-03-06 04-41-30
","start_user":923
,"end_user":933
,"rejected_users":[]
,"rejected_wrkt":[]
},
{"time":"2017-03-06 04-43-06
","start_user":933
,"end_user":943
,"rejected_users":[13612296]
,"rejected_wrkt":[]
},
{"time":"2017-03-06 04-57-26
","start_user":943
,"end_user":953
,"rejected_users":[]
,"rejected_wrkt":[]
},
{"time":"2017-03-06 04-58-20
","start_user":953
,"end_user":963
,"rejected_users":[]
,"rejected_wrkt":[]
},
{"time":"2017-03-06 05-03-23
","start_user":963
,"end_user":973
,"rejected_users":[]
,"rejected_wrkt":[]
},
{"time":"2017-03-06 05-10-03
","start_user":973
,"end_user":983
,"rejected_users":[]
,"rejected_wrkt":[]
},
{"time":"2017-03-06 05-16-22
","start_user":983
,"end_user":993
,"rejected_users":[13614373]
,"rejected_wrkt":[]
},
{"time":"2017-03-06 05-18-32
","start_user":993
,"end_user":1003
,"rejected_users":[13614808]
,"rejected_wrkt":[]
},
{"time":"2017-03-06 11-54-08
","start_user":1003
,"end_user":1013
,"rejected_users":[]
,"rejected_wrkt":[]
},
{"time":"2017-03-06 11-59-34
","start_user":1013
,"end_user":1023
,"rejected_users":[]
,"rejected_wrkt":[]
},
{"time":"2017-03-06 12-01-11
","start_user":1023
,"end_user":1033
,"rejected_users":[]
,"rejected_wrkt":[]
},
{"time":"2017-03-06 12-03-38
","start_user":1033
,"end_user":1043
,"rejected_users":[]
,"rejected_wrkt":[]
},
{"time":"2017-03-06 12-04-51
","start_user":1043
,"end_user":1053
,"rejected_users":[]
,"rejected_wrkt":[]
},
{"time":"2017-03-06 12-06-34
","start_user":1053
,"end_user":1063
,"rejected_users":[]
,"rejected_wrkt":[]
},
{"time":"2017-03-06 12-08-14
","start_user":1063
,"end_user":1073
,"rejected_users":[]
,"rejected_wrkt":[]
},
{"time":"2017-03-06 12-11-04
","start_user":1073
,"end_user":1083
,"rejected_users":[]
,"rejected_wrkt":[]
},
{"time":"2017-03-06 12-13-05
","start_user":1083
,"end_user":1093
,"rejected_users":[]
,"rejected_wrkt":[]
},
{"time":"2017-03-06 12-14-53
","start_user":1093
,"end_user":1103
,"rejected_users":[]
,"rejected_wrkt":[]
},
{"time":"2017-03-06 12-46-30
","start_user":1103
,"end_user":1113
,"rejected_users":[]
,"rejected_wrkt":[]
},
{"time":"2017-03-06 12-47-54
","start_user":1113
,"end_user":1123
,"rejected_users":[]
,"rejected_wrkt":[]
},
{"time":"2017-03-06 12-49-20
","start_user":1123
,"end_user":1133
,"rejected_users":[]
,"rejected_wrkt":[]
},
{"time":"2017-03-06 12-54-41
","start_user":1133
,"end_user":1143
,"rejected_users":[]
,"rejected_wrkt":[]
},
{"time":"2017-03-06 12-56-39
","start_user":1143
,"end_user":1153
,"rejected_users":[]
,"rejected_wrkt":[]
},
{"time":"2017-03-06 12-59-36
","start_user":1153
,"end_user":1163
,"rejected_users":[]
,"rejected_wrkt":[]
},
{"time":"2017-03-06 13-02-22
","start_user":1163
,"end_user":1173
,"rejected_users":[]
,"rejected_wrkt":[]
},
{"time":"2017-03-06 13-04-34
","start_user":1173
,"end_user":1183
,"rejected_users":[]
,"rejected_wrkt":[]
},
{"time":"2017-03-06 13-06-33
","start_user":1183
,"end_user":1193
,"rejected_users":[]
,"rejected_wrkt":[]
},
{"time":"2017-03-06 13-10-54
","start_user":1193
,"end_user":1203
,"rejected_users":[]
,"rejected_wrkt":[]
},
{"time":"2017-03-06 13-12-47
","start_user":1203
,"end_user":1213
,"rejected_users":[]
,"rejected_wrkt":[]
},
{"time":"2017-03-06 13-16-23
","start_user":1213
,"end_user":1223
,"rejected_users":[]
,"rejected_wrkt":[]
},
{"time":"2017-03-06 13-17-53
","start_user":1223
,"end_user":1233
,"rejected_users":[]
,"rejected_wrkt":[]
},
{"time":"2017-03-06 13-19-18
","start_user":1233
,"end_user":1243
,"rejected_users":[]
,"rejected_wrkt":[]
},
{"time":"2017-03-06 13-21-40
","start_user":1243
,"end_user":1253
,"rejected_users":[]
,"rejected_wrkt":[]
},
{"time":"2017-03-06 13-27-54
","start_user":1253
,"end_user":1263
,"rejected_users":[]
,"rejected_wrkt":[]
},
{"time":"2017-03-06 13-30-30
","start_user":1263
,"end_user":1273
,"rejected_users":[]
,"rejected_wrkt":[]
},
{"time":"2017-03-06 13-31-56
","start_user":1273
,"end_user":1283
,"rejected_users":[]
,"rejected_wrkt":[]
},
{"time":"2017-03-06 13-33-30
","start_user":1283
,"end_user":1293
,"rejected_users":[]
,"rejected_wrkt":[]
},
{"time":"2017-03-06 13-34-34
","start_user":1293
,"end_user":1303
,"rejected_users":[]
,"rejected_wrkt":[]
},
{"time":"2017-03-06 13-37-15
","start_user":1303
,"end_user":1313
,"rejected_users":[]
,"rejected_wrkt":[]
},
{"time":"2017-03-06 13-42-42
","start_user":1313
,"end_user":1323
,"rejected_users":[]
,"rejected_wrkt":[]
},
{"time":"2017-03-06 13-45-43
","start_user":1323
,"end_user":1333
,"rejected_users":[]
,"rejected_wrkt":[]
},
{"time":"2017-03-06 13-47-36
","start_user":1333
,"end_user":1343
,"rejected_users":[]
,"rejected_wrkt":[]
},
{"time":"2017-03-06 13-49-21
","start_user":1343
,"end_user":1353
,"rejected_users":[]
,"rejected_wrkt":[]
},
{"time":"2017-03-06 13-52-15
","start_user":1353
,"end_user":1363
,"rejected_users":[]
,"rejected_wrkt":[]
},
{"time":"2017-03-06 13-53-45
","start_user":1363
,"end_user":1373
,"rejected_users":[]
,"rejected_wrkt":[]
},
{"time":"2017-03-06 13-55-42
","start_user":1373
,"end_user":1383
,"rejected_users":[]
,"rejected_wrkt":[]
},
{"time":"2017-03-06 14-00-08
","start_user":1383
,"end_user":1393
,"rejected_users":[]
,"rejected_wrkt":[]
},
{"time":"2017-03-06 14-02-20
","start_user":1393
,"end_user":1403
,"rejected_users":[]
,"rejected_wrkt":[]
},
{"time":"2017-03-06 14-03-28
","start_user":1403
,"end_user":1413
,"rejected_users":[]
,"rejected_wrkt":[]
},
{"time":"2017-03-06 14-05-28
","start_user":1413
,"end_user":1423
,"rejected_users":[]
,"rejected_wrkt":[]
},
{"time":"2017-03-06 14-09-16
","start_user":1423
,"end_user":1433
,"rejected_users":[]
,"rejected_wrkt":[]
},
{"time":"2017-03-06 14-12-02
","start_user":1433
,"end_user":1443
,"rejected_users":[]
,"rejected_wrkt":[]
},
{"time":"2017-03-06 14-14-45
","start_user":1443
,"end_user":1453
,"rejected_users":[]
,"rejected_wrkt":[]
},
{"time":"2017-03-06 14-17-49
","start_user":1453
,"end_user":1463
,"rejected_users":[]
,"rejected_wrkt":[]
},
{"time":"2017-03-06 14-21-07
","start_user":1463
,"end_user":1473
,"rejected_users":[]
,"rejected_wrkt":[]
},
{"time":"2017-03-06 14-24-29
","start_user":1473
,"end_user":1483
,"rejected_users":[]
,"rejected_wrkt":[]
},
{"time":"2017-03-06 14-26-20
","start_user":1483
,"end_user":1493
,"rejected_users":[]
,"rejected_wrkt":[]
},
{"time":"2017-03-06 14-29-52
","start_user":1493
,"end_user":1503
,"rejected_users":[]
,"rejected_wrkt":[]
},
{"time":"2017-03-06 14-33-48
","start_user":1503
,"end_user":1513
,"rejected_users":[]
,"rejected_wrkt":[]
},
{"time":"2017-03-06 14-35-27
","start_user":1513
,"end_user":1523
,"rejected_users":[]
,"rejected_wrkt":[]
},
{"time":"2017-03-06 14-43-00
","start_user":1523
,"end_user":1533
,"rejected_users":[]
,"rejected_wrkt":[]
},
{"time":"2017-03-06 14-44-54
","start_user":1533
,"end_user":1543
,"rejected_users":[]
,"rejected_wrkt":[]
},
{"time":"2017-03-06 14-48-13
","start_user":1543
,"end_user":1553
,"rejected_users":[]
,"rejected_wrkt":[]
},
{"time":"2017-03-06 14-53-49
","start_user":1553
,"end_user":1563
,"rejected_users":[]
,"rejected_wrkt":[]
},
{"time":"2017-03-06 14-55-15
","start_user":1563
,"end_user":1573
,"rejected_users":[]
,"rejected_wrkt":[]
},
{"time":"2017-03-06 14-56-42
","start_user":1573
,"end_user":1583
,"rejected_users":[]
,"rejected_wrkt":[]
},
{"time":"2017-03-06 15-04-19
","start_user":1583
,"end_user":1593
,"rejected_users":[]
,"rejected_wrkt":[]
},
{"time":"2017-03-06 15-07-07
","start_user":1593
,"end_user":1603
,"rejected_users":[]
,"rejected_wrkt":[]
},
{"time":"2017-03-06 15-09-11
","start_user":1603
,"end_user":1613
,"rejected_users":[]
,"rejected_wrkt":[]
},
{"time":"2017-03-06 15-11-49
","start_user":1613
,"end_user":1623
,"rejected_users":[]
,"rejected_wrkt":[]
},
{"time":"2017-03-06 15-15-56
","start_user":1623
,"end_user":1633
,"rejected_users":[]
,"rejected_wrkt":[]
},
{"time":"2017-03-06 15-18-44
","start_user":1633
,"end_user":1643
,"rejected_users":[]
,"rejected_wrkt":[]
},
{"time":"2017-03-06 15-20-17
","start_user":1643
,"end_user":1653
,"rejected_users":[]
,"rejected_wrkt":[]
},
{"time":"2017-03-06 15-22-12
","start_user":1653
,"end_user":1663
,"rejected_users":[]
,"rejected_wrkt":[]
},
{"time":"2017-03-06 15-24-14
","start_user":1663
,"end_user":1673
,"rejected_users":[]
,"rejected_wrkt":[]
},
{"time":"2017-03-06 15-29-01
","start_user":1673
,"end_user":1683
,"rejected_users":[]
,"rejected_wrkt":[]
},
{"time":"2017-03-06 15-30-14
","start_user":1683
,"end_user":1693
,"rejected_users":[]
,"rejected_wrkt":[]
},
{"time":"2017-03-06 15-32-10
","start_user":1693
,"end_user":1703
,"rejected_users":[]
,"rejected_wrkt":[]
},
{"time":"2017-03-06 15-32-59
","start_user":1703
,"end_user":1713
,"rejected_users":[]
,"rejected_wrkt":[]
},
{"time":"2017-03-06 15-35-43
","start_user":1713
,"end_user":1723
,"rejected_users":[]
,"rejected_wrkt":[]
},
{"time":"2017-03-06 15-38-47
","start_user":1723
,"end_user":1733
,"rejected_users":[]
,"rejected_wrkt":[]
},
{"time":"2017-03-06 15-40-10
","start_user":1733
,"end_user":1743
,"rejected_users":[]
,"rejected_wrkt":[]
},
{"time":"2017-03-06 15-49-22
","start_user":1743
,"end_user":1753
,"rejected_users":[]
,"rejected_wrkt":[]
},
{"time":"2017-03-06 15-51-04
","start_user":1753
,"end_user":1763
,"rejected_users":[]
,"rejected_wrkt":[]
},
{"time":"2017-03-06 15-54-19
","start_user":1763
,"end_user":1773
,"rejected_users":[]
,"rejected_wrkt":[]
},
{"time":"2017-03-06 16-03-11
","start_user":1773
,"end_user":1783
,"rejected_users":[]
,"rejected_wrkt":[]
},
{"time":"2017-03-06 16-04-23
","start_user":1783
,"end_user":1793
,"rejected_users":[]
,"rejected_wrkt":[]
},
{"time":"2017-03-06 16-07-03
","start_user":1793
,"end_user":1803
,"rejected_users":[]
,"rejected_wrkt":[]
},
{"time":"2017-03-06 16-08-47
","start_user":1803
,"end_user":1813
,"rejected_users":[]
,"rejected_wrkt":[]
},
{"time":"2017-03-06 16-10-57
","start_user":1813
,"end_user":1823
,"rejected_users":[]
,"rejected_wrkt":[]
},
{"time":"2017-03-06 16-14-04
","start_user":1823
,"end_user":1833
,"rejected_users":[]
,"rejected_wrkt":[]
},
{"time":"2017-03-06 16-18-48
","start_user":1833
,"end_user":1843
,"rejected_users":[]
,"rejected_wrkt":[]
},
{"time":"2017-03-06 16-22-43
","start_user":1843
,"end_user":1853
,"rejected_users":[]
,"rejected_wrkt":[]
},
{"time":"2017-03-06 16-23-30
","start_user":1853
,"end_user":1863
,"rejected_users":[]
,"rejected_wrkt":[]
},
{"time":"2017-03-06 16-28-38
","start_user":1863
,"end_user":1873
,"rejected_users":[]
,"rejected_wrkt":[]
},
{"time":"2017-03-06 16-30-57
","start_user":1873
,"end_user":1883
,"rejected_users":[]
,"rejected_wrkt":[]
},
{"time":"2017-03-06 16-32-12
","start_user":1883
,"end_user":1893
,"rejected_users":[]
,"rejected_wrkt":[]
},
{"time":"2017-03-06 16-34-23
","start_user":1893
,"end_user":1903
,"rejected_users":[]
,"rejected_wrkt":[]
},
{"time":"2017-03-06 16-35-39
","start_user":1903
,"end_user":1913
,"rejected_users":[]
,"rejected_wrkt":[]
},
{"time":"2017-03-06 16-38-54
","start_user":1913
,"end_user":1923
,"rejected_users":[]
,"rejected_wrkt":[]
},
{"time":"2017-03-06 16-42-30
","start_user":1923
,"end_user":1933
,"rejected_users":[]
,"rejected_wrkt":[]
},
{"time":"2017-03-06 16-48-43
","start_user":1933
,"end_user":1943
,"rejected_users":[]
,"rejected_wrkt":[]
},
{"time":"2017-03-06 16-50-11
","start_user":1943
,"end_user":1953
,"rejected_users":[]
,"rejected_wrkt":[]
},
{"time":"2017-03-06 16-52-07
","start_user":1953
,"end_user":1963
,"rejected_users":[]
,"rejected_wrkt":[]
},
{"time":"2017-03-06 16-56-40
","start_user":1963
,"end_user":1973
,"rejected_users":[]
,"rejected_wrkt":[]
},
{"time":"2017-03-06 16-58-52
","start_user":1973
,"end_user":1983
,"rejected_users":[]
,"rejected_wrkt":[]
},
{"time":"2017-03-06 17-00-52
","start_user":1983
,"end_user":1993
,"rejected_users":[]
,"rejected_wrkt":[]
},
{"time":"2017-03-06 17-04-55
","start_user":1993
,"end_user":2003
,"rejected_users":[]
,"rejected_wrkt":[]
},
{"time":"2017-03-06 17-06-15
","start_user":2003
,"end_user":2013
,"rejected_users":[]
,"rejected_wrkt":[]
},
{"time":"2017-03-06 17-08-15
","start_user":2013
,"end_user":2023
,"rejected_users":[]
,"rejected_wrkt":[]
},
{"time":"2017-03-06 17-11-41
","start_user":2023
,"end_user":2033
,"rejected_users":[]
,"rejected_wrkt":[]
},
{"time":"2017-03-06 17-12-47
","start_user":2033
,"end_user":2043
,"rejected_users":[]
,"rejected_wrkt":[]
},
{"time":"2017-03-06 17-16-05
","start_user":2043
,"end_user":2053
,"rejected_users":[]
,"rejected_wrkt":[]
},
{"time":"2017-03-06 17-16-55
","start_user":2053
,"end_user":2063
,"rejected_users":[]
,"rejected_wrkt":[]
},
{"time":"2017-03-06 17-18-58
","start_user":2063
,"end_user":2073
,"rejected_users":[]
,"rejected_wrkt":[]
},
{"time":"2017-03-06 17-21-35
","start_user":2073
,"end_user":2083
,"rejected_users":[]
,"rejected_wrkt":[]
},
{"time":"2017-03-06 17-29-47
","start_user":2083
,"end_user":2093
,"rejected_users":[]
,"rejected_wrkt":[]
},
{"time":"2017-03-06 17-36-04
","start_user":2093
,"end_user":2103
,"rejected_users":[]
,"rejected_wrkt":[]
},
{"time":"2017-03-06 17-40-02
","start_user":2103
,"end_user":2113
,"rejected_users":[]
,"rejected_wrkt":[]
},
{"time":"2017-03-06 17-41-52
","start_user":2113
,"end_user":2123
,"rejected_users":[]
,"rejected_wrkt":[]
},
{"time":"2017-03-06 17-44-22
","start_user":2123
,"end_user":2133
,"rejected_users":[]
,"rejected_wrkt":[]
},
{"time":"2017-03-06 17-46-15
","start_user":2133
,"end_user":2143
,"rejected_users":[]
,"rejected_wrkt":[]
},
{"time":"2017-03-06 17-47-53
","start_user":2143
,"end_user":2153
,"rejected_users":[]
,"rejected_wrkt":[]
},
{"time":"2017-03-06 17-51-26
","start_user":2153
,"end_user":2163
,"rejected_users":[]
,"rejected_wrkt":[]
},
{"time":"2017-03-06 17-54-00
","start_user":2163
,"end_user":2173
,"rejected_users":[]
,"rejected_wrkt":[]
},
{"time":"2017-03-06 18-01-27
","start_user":2173
,"end_user":2183
,"rejected_users":[]
,"rejected_wrkt":[]
},
{"time":"2017-03-06 18-03-12
","start_user":2183
,"end_user":2193
,"rejected_users":[]
,"rejected_wrkt":[]
},
{"time":"2017-03-06 18-08-20
","start_user":2193
,"end_user":2203
,"rejected_users":[]
,"rejected_wrkt":[]
},
{"time":"2017-03-06 18-15-48
","start_user":2203
,"end_user":2213
,"rejected_users":[]
,"rejected_wrkt":[]
},
{"time":"2017-03-06 18-20-45
","start_user":2213
,"end_user":2223
,"rejected_users":[]
,"rejected_wrkt":[]
},
{"time":"2017-03-06 18-23-17
","start_user":2223
,"end_user":2233
,"rejected_users":[]
,"rejected_wrkt":[]
},
{"time":"2017-03-06 18-25-12
","start_user":2233
,"end_user":2243
,"rejected_users":[]
,"rejected_wrkt":[]
},
{"time":"2017-03-06 18-29-33
","start_user":2243
,"end_user":2253
,"rejected_users":[]
,"rejected_wrkt":[]
},
{"time":"2017-03-06 18-31-14
","start_user":2253
,"end_user":2263
,"rejected_users":[]
,"rejected_wrkt":[]
},
{"time":"2017-03-06 18-32-21
","start_user":2263
,"end_user":2273
,"rejected_users":[]
,"rejected_wrkt":[]
},
{"time":"2017-03-06 18-33-43
","start_user":2273
,"end_user":2283
,"rejected_users":[]
,"rejected_wrkt":[]
},
{"time":"2017-03-06 18-35-08
","start_user":2283
,"end_user":2293
,"rejected_users":[]
,"rejected_wrkt":[]
},
{"time":"2017-03-06 18-41-36
","start_user":2293
,"end_user":2303
,"rejected_users":[]
,"rejected_wrkt":[]
},
{"time":"2017-03-06 18-42-43
","start_user":2303
,"end_user":2313
,"rejected_users":[]
,"rejected_wrkt":[]
},
{"time":"2017-03-06 18-46-15
","start_user":2313
,"end_user":2323
,"rejected_users":[]
,"rejected_wrkt":[]
},
{"time":"2017-03-06 18-47-40
","start_user":2323
,"end_user":2333
,"rejected_users":[]
,"rejected_wrkt":[]
},
{"time":"2017-03-06 18-51-10
","start_user":2333
,"end_user":2343
,"rejected_users":[]
,"rejected_wrkt":[]
},
{"time":"2017-03-06 18-53-06
","start_user":2343
,"end_user":2353
,"rejected_users":[]
,"rejected_wrkt":[]
},
{"time":"2017-03-06 18-56-30
","start_user":2353
,"end_user":2363
,"rejected_users":[]
,"rejected_wrkt":[]
},
{"time":"2017-03-06 18-59-07
","start_user":2363
,"end_user":2373
,"rejected_users":[]
,"rejected_wrkt":[]
},
{"time":"2017-03-06 19-04-37
","start_user":2373
,"end_user":2383
,"rejected_users":[]
,"rejected_wrkt":[]
},
{"time":"2017-03-06 19-09-52
","start_user":2383
,"end_user":2393
,"rejected_users":[]
,"rejected_wrkt":[]
},
{"time":"2017-03-06 19-17-39
","start_user":2393
,"end_user":2403
,"rejected_users":[]
,"rejected_wrkt":[]
},
{"time":"2017-03-06 19-20-34
","start_user":2403
,"end_user":2413
,"rejected_users":[]
,"rejected_wrkt":[]
},
{"time":"2017-03-06 19-24-08
","start_user":2413
,"end_user":2423
,"rejected_users":[]
,"rejected_wrkt":[]
},
{"time":"2017-03-06 19-27-34
","start_user":2423
,"end_user":2433
,"rejected_users":[]
,"rejected_wrkt":[]
},
{"time":"2017-03-06 19-29-11
","start_user":2433
,"end_user":2443
,"rejected_users":[]
,"rejected_wrkt":[]
},
{"time":"2017-03-06 19-33-26
","start_user":2443
,"end_user":2453
,"rejected_users":[]
,"rejected_wrkt":[]
},
{"time":"2017-03-06 19-35-18
","start_user":2453
,"end_user":2463
,"rejected_users":[]
,"rejected_wrkt":[]
},
{"time":"2017-03-06 19-39-07
","start_user":2463
,"end_user":2473
,"rejected_users":[]
,"rejected_wrkt":[]
},
{"time":"2017-03-06 19-40-47
","start_user":2473
,"end_user":2483
,"rejected_users":[]
,"rejected_wrkt":[]
},
{"time":"2017-03-06 19-41-59
","start_user":2483
,"end_user":2493
,"rejected_users":[]
,"rejected_wrkt":[]
},
{"time":"2017-03-06 19-43-33
","start_user":2493
,"end_user":2503
,"rejected_users":[]
,"rejected_wrkt":[]
},
{"time":"2017-03-06 19-44-35
","start_user":2503
,"end_user":2513
,"rejected_users":[]
,"rejected_wrkt":[]
},
{"time":"2017-03-06 19-46-39
","start_user":2513
,"end_user":2523
,"rejected_users":[]
,"rejected_wrkt":[]
},
{"time":"2017-03-06 19-49-32
","start_user":2523
,"end_user":2533
,"rejected_users":[]
,"rejected_wrkt":[]
},
{"time":"2017-03-06 19-51-25
","start_user":2533
,"end_user":2543
,"rejected_users":[]
,"rejected_wrkt":[]
},
{"time":"2017-03-06 19-55-08
","start_user":2543
,"end_user":2553
,"rejected_users":[]
,"rejected_wrkt":[]
},
{"time":"2017-03-06 19-57-08
","start_user":2553
,"end_user":2563
,"rejected_users":[]
,"rejected_wrkt":[]
},
{"time":"2017-03-06 19-58-32
","start_user":2563
,"end_user":2573
,"rejected_users":[]
,"rejected_wrkt":[]
},
{"time":"2017-03-06 20-01-21
","start_user":2573
,"end_user":2583
,"rejected_users":[]
,"rejected_wrkt":[]
},
{"time":"2017-03-06 20-05-03
","start_user":2583
,"end_user":2593
,"rejected_users":[]
,"rejected_wrkt":[]
},
{"time":"2017-03-06 20-08-39
","start_user":2593
,"end_user":2603
,"rejected_users":[]
,"rejected_wrkt":[]
},
{"time":"2017-03-06 20-10-34
","start_user":2603
,"end_user":2613
,"rejected_users":[]
,"rejected_wrkt":[]
},
{"time":"2017-03-06 20-13-30
","start_user":2613
,"end_user":2623
,"rejected_users":[]
,"rejected_wrkt":[]
},
{"time":"2017-03-06 20-17-19
","start_user":2623
,"end_user":2633
,"rejected_users":[]
,"rejected_wrkt":[]
},
{"time":"2017-03-06 20-19-56
","start_user":2633
,"end_user":2643
,"rejected_users":[]
,"rejected_wrkt":[]
},
{"time":"2017-03-06 20-26-00
","start_user":2643
,"end_user":2653
,"rejected_users":[]
,"rejected_wrkt":[]
},
{"time":"2017-03-06 20-28-27
","start_user":2653
,"end_user":2663
,"rejected_users":[]
,"rejected_wrkt":[]
},
{"time":"2017-03-06 20-29-55
","start_user":2663
,"end_user":2673
,"rejected_users":[]
,"rejected_wrkt":[]
},
{"time":"2017-03-06 20-31-01
","start_user":2673
,"end_user":2683
,"rejected_users":[]
,"rejected_wrkt":[]
},
{"time":"2017-03-06 20-33-46
","start_user":2683
,"end_user":2693
,"rejected_users":[]
,"rejected_wrkt":[]
},
{"time":"2017-03-06 20-36-03
","start_user":2693
,"end_user":2703
,"rejected_users":[]
,"rejected_wrkt":[]
},
{"time":"2017-03-06 20-37-35
","start_user":2703
,"end_user":2713
,"rejected_users":[]
,"rejected_wrkt":[]
},
{"time":"2017-03-06 20-38-23
","start_user":2713
,"end_user":2723
,"rejected_users":[]
,"rejected_wrkt":[]
},
{"time":"2017-03-06 20-43-15
","start_user":2723
,"end_user":2733
,"rejected_users":[]
,"rejected_wrkt":[]
},
{"time":"2017-03-06 20-46-02
","start_user":2733
,"end_user":2743
,"rejected_users":[]
,"rejected_wrkt":[]
},
{"time":"2017-03-06 20-47-21
","start_user":2743
,"end_user":2753
,"rejected_users":[]
,"rejected_wrkt":[]
},
{"time":"2017-03-06 20-48-42
","start_user":2753
,"end_user":2763
,"rejected_users":[]
,"rejected_wrkt":[]
},
{"time":"2017-03-06 20-51-44
","start_user":2763
,"end_user":2773
,"rejected_users":[]
,"rejected_wrkt":[]
},
{"time":"2017-03-06 20-55-59
","start_user":2773
,"end_user":2783
,"rejected_users":[]
,"rejected_wrkt":[]
},
{"time":"2017-03-06 20-59-31
","start_user":2783
,"end_user":2793
,"rejected_users":[]
,"rejected_wrkt":[]
},
{"time":"2017-03-06 21-01-18
","start_user":2793
,"end_user":2803
,"rejected_users":[]
,"rejected_wrkt":[]
},
{"time":"2017-03-06 21-04-27
","start_user":2803
,"end_user":2813
,"rejected_users":[]
,"rejected_wrkt":[]
},
{"time":"2017-03-06 21-11-50
","start_user":2813
,"end_user":2823
,"rejected_users":[]
,"rejected_wrkt":[]
},
{"time":"2017-03-06 21-15-30
","start_user":2823
,"end_user":2833
,"rejected_users":[]
,"rejected_wrkt":[]
},
{"time":"2017-03-06 21-17-30
","start_user":2833
,"end_user":2843
,"rejected_users":[]
,"rejected_wrkt":[]
},
{"time":"2017-03-06 21-22-36
","start_user":2843
,"end_user":2853
,"rejected_users":[]
,"rejected_wrkt":[]
},
{"time":"2017-03-06 21-32-35
","start_user":2853
,"end_user":2863
,"rejected_users":[]
,"rejected_wrkt":[]
},
{"time":"2017-03-06 21-39-26
","start_user":2863
,"end_user":2873
,"rejected_users":[]
,"rejected_wrkt":[]
},
{"time":"2017-03-06 21-44-32
","start_user":2873
,"end_user":2883
,"rejected_users":[]
,"rejected_wrkt":[]
},
{"time":"2017-03-06 21-46-05
","start_user":2883
,"end_user":2893
,"rejected_users":[]
,"rejected_wrkt":[]
},
{"time":"2017-03-06 21-53-54
","start_user":2893
,"end_user":2903
,"rejected_users":[]
,"rejected_wrkt":[]
},
{"time":"2017-03-06 21-58-31
","start_user":2903
,"end_user":2913
,"rejected_users":[]
,"rejected_wrkt":[]
},
{"time":"2017-03-06 22-02-49
","start_user":2913
,"end_user":2923
,"rejected_users":[]
,"rejected_wrkt":[]
},
{"time":"2017-03-06 22-10-29
","start_user":2923
,"end_user":2933
,"rejected_users":[]
,"rejected_wrkt":[]
},
{"time":"2017-03-06 22-14-26
","start_user":2933
,"end_user":2943
,"rejected_users":[]
,"rejected_wrkt":[]
},
{"time":"2017-03-06 22-17-55
","start_user":2943
,"end_user":2953
,"rejected_users":[]
,"rejected_wrkt":[]
},
{"time":"2017-03-06 22-19-11
","start_user":2953
,"end_user":2963
,"rejected_users":[]
,"rejected_wrkt":[]
},
{"time":"2017-03-06 22-21-00
","start_user":2963
,"end_user":2973
,"rejected_users":[]
,"rejected_wrkt":[]
},
{"time":"2017-03-06 22-23-11
","start_user":2973
,"end_user":2983
,"rejected_users":[]
,"rejected_wrkt":[]
},
{"time":"2017-03-06 22-24-43
","start_user":2983
,"end_user":2993
,"rejected_users":[]
,"rejected_wrkt":[]
},
{"time":"2017-03-06 22-26-52
","start_user":2993
,"end_user":3003
,"rejected_users":[]
,"rejected_wrkt":[]
},
{"time":"2017-03-06 22-31-51
","start_user":3003
,"end_user":3013
,"rejected_users":[]
,"rejected_wrkt":[]
},
{"time":"2017-03-06 22-33-41
","start_user":3013
,"end_user":3023
,"rejected_users":[]
,"rejected_wrkt":[]
},
{"time":"2017-03-06 22-36-12
","start_user":3023
,"end_user":3033
,"rejected_users":[]
,"rejected_wrkt":[]
},
{"time":"2017-03-06 22-37-46
","start_user":3033
,"end_user":3043
,"rejected_users":[]
,"rejected_wrkt":[]
},
{"time":"2017-03-06 22-41-09
","start_user":3043
,"end_user":3053
,"rejected_users":[]
,"rejected_wrkt":[]
},
{"time":"2017-03-06 22-46-00
","start_user":3053
,"end_user":3063
,"rejected_users":[]
,"rejected_wrkt":[]
},
{"time":"2017-03-06 22-47-14
","start_user":3063
,"end_user":3073
,"rejected_users":[]
,"rejected_wrkt":[]
},
{"time":"2017-03-06 22-48-43
","start_user":3073
,"end_user":3083
,"rejected_users":[]
,"rejected_wrkt":[]
},
{"time":"2017-03-06 22-52-55
","start_user":3083
,"end_user":3093
,"rejected_users":[]
,"rejected_wrkt":[]
},
{"time":"2017-03-06 22-54-28
","start_user":3093
,"end_user":3103
,"rejected_users":[]
,"rejected_wrkt":[]
},
